Warning: Layer 'li1' is missing the optional 'edge capacitance' attribute. (PSYN-101)
Warning: Layer 'met1' is missing the optional 'edge capacitance' attribute. (PSYN-101)
Warning: Layer 'met2' is missing the optional 'edge capacitance' attribute. (PSYN-101)
Warning: Layer 'met3' is missing the optional 'edge capacitance' attribute. (PSYN-101)
Warning: Layer 'met4' is missing the optional 'edge capacitance' attribute. (PSYN-101)
Warning: Layer 'met5' is missing the optional 'edge capacitance' attribute. (PSYN-101)
 
****************************************
Report : area
Design : cpu_isle
Version: S-2021.06-SP5-4
Date   : Sat Apr 13 13:56:57 2024
****************************************

Library(s) Used:

    sky130_fd_sc_hd__tt_025C_1v80 (File: /home/users/brionqye/Documents/EE292A/ee292a_lab1/build/6-synopsys-dc-synthesis/inputs/adk/stdcells.db)
    arc_rams (File: /home/users/brionqye/Documents/EE292A/ee292a_lab1/build/6-synopsys-dc-synthesis/inputs/arc_rams.db)

Number of ports:                        25465
Number of nets:                         34898
Number of cells:                        18636
Number of combinational cells:          15625
Number of sequential cells:              2832
Number of macros/black boxes:               2
Number of buf/inv:                       2312
Number of references:                      10

Combinational area:              88120.763125
Buf/Inv area:                     8689.583727
Noncombinational area:           67669.900786
Macro/Black Box area:                0.000000
Net Interconnect area:      undefined  (No wire load specified)

Total cell area:                155790.663912
Total area:                 undefined

Core Area:                    258073
Aspect Ratio:                 1.0025
Utilization Ratio:            0.6157


The above information was reported from the logical library. The following are from the physical library:

  Total moveable cell area: 160247.7
  Total fixed cell area: 0.0
  Total physical cell area: 160247.7
 Core area: 0.000, 0.000, 507.380, 508.640

Hierarchical area distribution
------------------------------

                                  Global cell area             Local cell area
                                  --------------------  ------------------------------ 
Hierarchical cell                 Absolute     Percent  Combi-      Noncombi-   Black-
                                  Total        Total    national    national    boxes   Design
--------------------------------  -----------  -------  ----------  ----------  ------  ----------------------------------------------------------------------------------------------------
cpu_isle                          155790.6639    100.0    251.4912      0.0000  0.0000  cpu_isle
iarc600                           134243.7488     86.2    206.4480      0.0000  0.0000  cpu_isle_arc600_0
iarc600/idmp                       10836.6431      7.0    401.6352      0.0000  0.0000  cpu_isle_dmp_0
iarc600/idmp/idccm_control          2511.1583      1.6   1378.8224    625.6000  0.0000  cpu_isle_dccm_control_0
iarc600/idmp/idccm_control/U_readsort    469.2000     0.3   469.2000     0.0000 0.0000  cpu_isle_readsort_1
iarc600/idmp/idccm_control/clk_gate_i_d_addr_r_reg     18.7680     0.0     0.0000    18.7680 0.0000 cpu_isle_SNPS_CLOCK_GATE_HIGH_dccm_control_1
iarc600/idmp/idccm_control/clk_gate_i_ldst_raddr_r_reg     18.7680     0.0     0.0000    18.7680 0.0000 cpu_isle_SNPS_CLOCK_GATE_HIGH_dccm_control_0
iarc600/idmp/idebug_access          1129.8336      0.7   1054.7616     75.0720  0.0000  cpu_isle_debug_access_0
iarc600/idmp/idecoder                 55.0528      0.0     55.0528      0.0000  0.0000  cpu_isle_decoder_0
iarc600/idmp/ild_arb                 514.2432      0.3    514.2432      0.0000  0.0000  cpu_isle_ld_arb_0
iarc600/idmp/ildst_queue            6199.6960      4.0   1786.7136   3831.1744  0.0000  cpu_isle_ldst_queue_0
iarc600/idmp/ildst_queue/U_readsort    469.2000     0.3   469.2000      0.0000  0.0000  cpu_isle_readsort_0
iarc600/idmp/ildst_queue/clk_gate_i_a_load_r_reg     18.7680     0.0     0.0000    18.7680 0.0000 cpu_isle_SNPS_CLOCK_GATE_HIGH_ldst_queue_0
iarc600/idmp/ildst_queue/clk_gate_i_b_load_r_reg     18.7680     0.0     0.0000    18.7680 0.0000 cpu_isle_SNPS_CLOCK_GATE_HIGH_ldst_queue_5
iarc600/idmp/ildst_queue/clk_gate_i_fifo_addr0_r_reg     18.7680     0.0     0.0000    18.7680 0.0000 cpu_isle_SNPS_CLOCK_GATE_HIGH_ldst_queue_3
iarc600/idmp/ildst_queue/clk_gate_i_fifo_addr1_r_reg     18.7680     0.0     0.0000    18.7680 0.0000 cpu_isle_SNPS_CLOCK_GATE_HIGH_ldst_queue_2
iarc600/idmp/ildst_queue/clk_gate_i_fifo_addr2_r_reg     18.7680     0.0     0.0000    18.7680 0.0000 cpu_isle_SNPS_CLOCK_GATE_HIGH_ldst_queue_1
iarc600/idmp/ildst_queue/clk_gate_i_fifo_store3_r_reg     18.7680     0.0     0.0000    18.7680 0.0000 cpu_isle_SNPS_CLOCK_GATE_HIGH_ldst_queue_4
iarc600/idmp/imem_align_chk           25.0240      0.0     25.0240      0.0000  0.0000  cpu_isle_mem_align_chk_0
iarc600/iquarc                    123200.6577     79.1   4031.3663      0.0000  0.0000  cpu_isle_quarc_0
iarc600/iquarc/ialu                19459.9135     12.5    472.9536      0.0000  0.0000  cpu_isle_alu_0
iarc600/iquarc/ialu/ibigalu         5781.7951      3.7   4155.2351    800.7680  0.0000  cpu_isle_bigalu_0
iarc600/iquarc/ialu/ibigalu/U_adder    807.0240     0.5    86.3328      0.0000  0.0000  cpu_isle_adder_0
iarc600/iquarc/ialu/ibigalu/U_adder/DP_OP_7J12_122_4863    720.6912     0.5   720.6912     0.0000 0.0000 cpu_isle_adder_DP_OP_7J12_122_4863_J12_0_0
iarc600/iquarc/ialu/ibigalu/clk_gate_i_wbdata_r_reg     18.7680     0.0     0.0000    18.7680 0.0000 cpu_isle_SNPS_CLOCK_GATE_HIGH_bigalu_0
iarc600/iquarc/ialu/ixalu          13205.1648      8.5   5575.3471   3478.3360  0.0000  cpu_isle_xalu_0
iarc600/iquarc/ialu/ixalu/add_x_55    748.2176     0.5    748.2176      0.0000  0.0000  cpu_isle_xalu_DW01_add_J8_1_0
iarc600/iquarc/ialu/ixalu/add_x_56    795.7632     0.5    795.7632      0.0000  0.0000  cpu_isle_xalu_DW01_add_J8_0_0
iarc600/iquarc/ialu/ixalu/clk_gate_i_m1val_r_reg     18.7680     0.0     0.0000    18.7680 0.0000 cpu_isle_SNPS_CLOCK_GATE_HIGH_xalu_3
iarc600/iquarc/ialu/ixalu/clk_gate_i_mul_state_r_reg     18.7680     0.0     0.0000    18.7680 0.0000 cpu_isle_SNPS_CLOCK_GATE_HIGH_xalu_0
iarc600/iquarc/ialu/ixalu/clk_gate_i_multiply_res_r_reg     18.7680     0.0     0.0000    18.7680 0.0000 cpu_isle_SNPS_CLOCK_GATE_HIGH_xalu_2
iarc600/iquarc/ialu/ixalu/clk_gate_i_multiply_res_r_reg_0     18.7680     0.0     0.0000    18.7680 0.0000 cpu_isle_SNPS_CLOCK_GATE_HIGH_xalu_1
iarc600/iquarc/ialu/ixalu/u_mul32x5   2532.4288     1.6  2532.4288      0.0000  0.0000  cpu_isle_mult32x5cs_0
iarc600/iquarc/iauxiliary          13439.1390      8.6   1009.7184      0.0000  0.0000  cpu_isle_auxiliary_0
iarc600/iquarc/iauxiliary/iaux_regs   3121.7440     2.0  1278.7264     50.0480  0.0000  cpu_isle_aux_regs_0
iarc600/iquarc/iauxiliary/iaux_regs/U_debug    167.6608     0.1    91.3376    76.3232 0.0000 cpu_isle_debug_0
iarc600/iquarc/iauxiliary/iaux_regs/U_flags   1625.3088     1.0   842.0576   726.9472 0.0000 cpu_isle_flags_0
iarc600/iquarc/iauxiliary/iaux_regs/U_flags/clk_gate_i_aluflags_r_reg     18.7680     0.0     0.0000    18.7680 0.0000 cpu_isle_SNPS_CLOCK_GATE_HIGH_flags_0_1_0
iarc600/iquarc/iauxiliary/iaux_regs/U_flags/clk_gate_i_status_l1_r_reg     18.7680     0.0     0.0000    18.7680 0.0000 cpu_isle_SNPS_CLOCK_GATE_HIGH_flags_1
iarc600/iquarc/iauxiliary/iaux_regs/U_flags/clk_gate_i_status_l2_r_reg     18.7680     0.0     0.0000    18.7680 0.0000 cpu_isle_SNPS_CLOCK_GATE_HIGH_flags_0
iarc600/iquarc/iauxiliary/ihostif   2135.7984      1.4   1335.0304    800.7680  0.0000  cpu_isle_hostif_0
iarc600/iquarc/iauxiliary/itimer0   3299.4144      2.1   1102.3072   1756.6848  0.0000  cpu_isle_timer0_0
iarc600/iquarc/iauxiliary/itimer0/add_x_1    384.1184     0.2   384.1184     0.0000 0.0000 cpu_isle_timer0_DW01_inc_J12_0_0
iarc600/iquarc/iauxiliary/itimer0/clk_gate_i_tcontrol_r_reg     18.7680     0.0     0.0000    18.7680 0.0000 cpu_isle_SNPS_CLOCK_GATE_HIGH_timer0_1
iarc600/iquarc/iauxiliary/itimer0/clk_gate_i_timer_r_reg     18.7680     0.0     0.0000    18.7680 0.0000 cpu_isle_SNPS_CLOCK_GATE_HIGH_timer0_0
iarc600/iquarc/iauxiliary/itimer0/clk_gate_i_tlimit_r_reg     18.7680     0.0     0.0000    18.7680 0.0000 cpu_isle_SNPS_CLOCK_GATE_HIGH_timer0_2
iarc600/iquarc/iauxiliary/ixaux_regs   3872.4639     2.5  3333.1967   501.7312  0.0000  cpu_isle_xaux_regs_0
iarc600/iquarc/iauxiliary/ixaux_regs/clk_gate_i_int_vector_base_r_reg     18.7680     0.0     0.0000    18.7680 0.0000 cpu_isle_SNPS_CLOCK_GATE_HIGH_xaux_regs_0
iarc600/iquarc/iauxiliary/ixaux_regs/clk_gate_i_ldst_ram_base_addr_r_reg     18.7680     0.0     0.0000    18.7680 0.0000 cpu_isle_SNPS_CLOCK_GATE_HIGH_xaux_regs_1
iarc600/iquarc/icontrol            29673.4590     19.0   1591.5264      0.0000  0.0000  cpu_isle_control_0
iarc600/iquarc/icontrol/ick_ctrl     250.2400      0.2    100.0960    150.1440  0.0000  cpu_isle_ck_ctrl_0
iarc600/iquarc/icontrol/iint_unit   4212.7904      2.7   2416.0672   1740.4192  0.0000  cpu_isle_int_unit_0
iarc600/iquarc/icontrol/iint_unit/clk_gate_i_aux_hint_r_reg     18.7680     0.0     0.0000    18.7680 0.0000 cpu_isle_SNPS_CLOCK_GATE_HIGH_int_unit_2
iarc600/iquarc/icontrol/iint_unit/clk_gate_i_aux_lev_r_reg     18.7680     0.0     0.0000    18.7680 0.0000 cpu_isle_SNPS_CLOCK_GATE_HIGH_int_unit_0
iarc600/iquarc/icontrol/iint_unit/clk_gate_i_p2ilevel1_r_reg     18.7680     0.0     0.0000    18.7680 0.0000 cpu_isle_SNPS_CLOCK_GATE_HIGH_int_unit_1
iarc600/iquarc/icontrol/ilsu        1418.8608      0.9     22.5216      0.0000  0.0000  cpu_isle_lsu_0
iarc600/iquarc/icontrol/ilsu/U_scoreboard   1396.3392     0.9    67.5648     0.0000 0.0000 cpu_isle_scorebd_0
iarc600/iquarc/icontrol/ilsu/U_scoreboard/U_scorfifo   1328.7744     0.9   182.6752     0.0000 0.0000 cpu_isle_scorfifo_0
iarc600/iquarc/icontrol/ilsu/U_scoreboard/U_scorfifo/U_scoritem0    600.5760     0.4   381.6160   200.1920 0.0000 cpu_isle_scoritem_0
iarc600/iquarc/icontrol/ilsu/U_scoreboard/U_scorfifo/U_scoritem0/clk_gate_i_item_r_reg     18.7680     0.0     0.0000    18.7680 0.0000 cpu_isle_SNPS_CLOCK_GATE_HIGH_scoritem_1_0
iarc600/iquarc/icontrol/ilsu/U_scoreboard/U_scorfifo/U_scoritem3    545.5232     0.4   326.5632   200.1920 0.0000 cpu_isle_scoritem_1
iarc600/iquarc/icontrol/ilsu/U_scoreboard/U_scorfifo/U_scoritem3/clk_gate_i_item_r_reg     18.7680     0.0     0.0000    18.7680 0.0000 cpu_isle_SNPS_CLOCK_GATE_HIGH_scoritem_0_0
iarc600/iquarc/icontrol/ipcounter   9117.4944      5.9   3204.3231   5054.8480  0.0000  cpu_isle_pcounter_0
iarc600/iquarc/icontrol/ipcounter/add_x_1    480.4608     0.3   480.4608     0.0000 0.0000 cpu_isle_pcounter_DW01_add_J9_0_0
iarc600/iquarc/icontrol/ipcounter/add_x_19    246.4864     0.2   246.4864     0.0000 0.0000 cpu_isle_pcounter_DW01_inc_J9_0_0
iarc600/iquarc/icontrol/ipcounter/clk_gate_i_currentpc_r_reg     18.7680     0.0     0.0000    18.7680 0.0000 cpu_isle_SNPS_CLOCK_GATE_HIGH_pcounter_3
iarc600/iquarc/icontrol/ipcounter/clk_gate_i_currentpc_to_cache_r_reg     18.7680     0.0     0.0000    18.7680 0.0000 cpu_isle_SNPS_CLOCK_GATE_HIGH_pcounter_2
iarc600/iquarc/icontrol/ipcounter/clk_gate_i_last_pc_plus_len_r_reg     18.7680     0.0     0.0000    18.7680 0.0000 cpu_isle_SNPS_CLOCK_GATE_HIGH_pcounter_0
iarc600/iquarc/icontrol/ipcounter/clk_gate_i_p2b_pc_r_reg     18.7680     0.0     0.0000    18.7680 0.0000 cpu_isle_SNPS_CLOCK_GATE_HIGH_pcounter_6
iarc600/iquarc/icontrol/ipcounter/clk_gate_i_p3_target_buffer_r_reg     18.7680     0.0     0.0000    18.7680 0.0000 cpu_isle_SNPS_CLOCK_GATE_HIGH_pcounter_5
iarc600/iquarc/icontrol/ipcounter/clk_gate_i_p4_target_buffer_r_reg     18.7680     0.0     0.0000    18.7680 0.0000 cpu_isle_SNPS_CLOCK_GATE_HIGH_pcounter_4
iarc600/iquarc/icontrol/ipcounter/clk_gate_i_restart_addr_r_reg     18.7680     0.0     0.0000    18.7680 0.0000 cpu_isle_SNPS_CLOCK_GATE_HIGH_pcounter_1
iarc600/iquarc/icontrol/irctl      12216.7167      7.8   6662.6399   5441.4688  0.0000  cpu_isle_rctl_0
iarc600/iquarc/icontrol/irctl/clk_gate_i_p2_iw_r_reg     18.7680     0.0     0.0000    18.7680 0.0000 cpu_isle_SNPS_CLOCK_GATE_HIGH_rctl_0
iarc600/iquarc/icontrol/irctl/clk_gate_i_p2b_branch_iv_r_reg     18.7680     0.0     0.0000    18.7680 0.0000 cpu_isle_SNPS_CLOCK_GATE_HIGH_rctl_5
iarc600/iquarc/icontrol/irctl/clk_gate_i_p2b_has_dslot_r_reg     18.7680     0.0     0.0000    18.7680 0.0000 cpu_isle_SNPS_CLOCK_GATE_HIGH_rctl_1
iarc600/iquarc/icontrol/irctl/clk_gate_i_p3_sync_inst_r_reg     18.7680     0.0     0.0000    18.7680 0.0000 cpu_isle_SNPS_CLOCK_GATE_HIGH_rctl_4
iarc600/iquarc/icontrol/irctl/clk_gate_i_p4_br_or_bbit_r_reg     18.7680     0.0     0.0000    18.7680 0.0000 cpu_isle_SNPS_CLOCK_GATE_HIGH_rctl_2
iarc600/iquarc/icontrol/irctl/clk_gate_i_p4_wba_r_reg     18.7680     0.0     0.0000    18.7680 0.0000 cpu_isle_SNPS_CLOCK_GATE_HIGH_rctl_3
iarc600/iquarc/icontrol/ixrctl       865.8304      0.6    502.9824    325.3120  0.0000  cpu_isle_xrctl_0
iarc600/iquarc/icontrol/ixrctl/clk_gate_ix_idecode2b_r_reg     18.7680     0.0     0.0000    18.7680 0.0000 cpu_isle_SNPS_CLOCK_GATE_HIGH_xrctl_0
iarc600/iquarc/icontrol/ixrctl/clk_gate_ix_idecode3_r_reg     18.7680     0.0     0.0000    18.7680 0.0000 cpu_isle_SNPS_CLOCK_GATE_HIGH_xrctl_1
iarc600/iquarc/idebug_exts         14659.0591      9.4    555.5328      0.0000  0.0000  cpu_isle_debug_exts_0
iarc600/iquarc/idebug_exts/U_actionpoints  14103.5264     9.1  2747.6351  4504.3200 0.0000 cpu_isle_actionpoints_0
iarc600/iquarc/idebug_exts/U_actionpoints/U_ap_compare0   3369.4816     2.2  1717.8976  1651.5840 0.0000 cpu_isle_ap_compare_0
iarc600/iquarc/idebug_exts/U_actionpoints/U_ap_compare1   3369.4816     2.2  1717.8976  1651.5840 0.0000 cpu_isle_ap_compare_1
iarc600/iquarc/idebug_exts/U_actionpoints/clk_gate_i_ap_control_r_reg     18.7680     0.0     0.0000    18.7680 0.0000 cpu_isle_SNPS_CLOCK_GATE_HIGH_actionpoints_4
iarc600/iquarc/idebug_exts/U_actionpoints/clk_gate_i_ap_control_r_reg_0     18.7680     0.0     0.0000    18.7680 0.0000 cpu_isle_SNPS_CLOCK_GATE_HIGH_actionpoints_3
iarc600/iquarc/idebug_exts/U_actionpoints/clk_gate_i_ap_mask_r_reg     18.7680     0.0     0.0000    18.7680 0.0000 cpu_isle_SNPS_CLOCK_GATE_HIGH_actionpoints_0
iarc600/iquarc/idebug_exts/U_actionpoints/clk_gate_i_ap_mask_r_reg_0     18.7680     0.0     0.0000    18.7680 0.0000 cpu_isle_SNPS_CLOCK_GATE_HIGH_actionpoints_5
iarc600/iquarc/idebug_exts/U_actionpoints/clk_gate_i_ap_value_r_reg     18.7680     0.0     0.0000    18.7680 0.0000 cpu_isle_SNPS_CLOCK_GATE_HIGH_actionpoints_1
iarc600/iquarc/idebug_exts/U_actionpoints/clk_gate_i_p2_currentpc_r_reg     18.7680     0.0     0.0000    18.7680 0.0000 cpu_isle_SNPS_CLOCK_GATE_HIGH_actionpoints_2
iarc600/iquarc/iregisters          39970.8344     25.7   1062.2688      0.0000  0.0000  cpu_isle_registers_0
iarc600/iquarc/iregisters/icoreregs  32331.0074    20.8   371.6064      0.0000  0.0000  cpu_isle_coreregs_0
iarc600/iquarc/iregisters/icoreregs/icr_int   9177.5519     5.9  5073.6159  4028.8640 0.0000 cpu_isle_cr_int_0
iarc600/iquarc/iregisters/icoreregs/icr_int/clk_gate_i_ext_s2val_r_reg     18.7680     0.0     0.0000    18.7680 0.0000 cpu_isle_SNPS_CLOCK_GATE_HIGH_cr_int_1
iarc600/iquarc/iregisters/icoreregs/icr_int/clk_gate_i_s1val_r_reg     18.7680     0.0     0.0000    18.7680 0.0000 cpu_isle_SNPS_CLOCK_GATE_HIGH_cr_int_2
iarc600/iquarc/iregisters/icoreregs/icr_int/clk_gate_i_s2val_inverted_r_reg     18.7680     0.0     0.0000    18.7680 0.0000 cpu_isle_SNPS_CLOCK_GATE_HIGH_cr_int_0
iarc600/iquarc/iregisters/icoreregs/icr_int/clk_gate_i_stval_r_reg     18.7680     0.0     0.0000    18.7680 0.0000 cpu_isle_SNPS_CLOCK_GATE_HIGH_cr_int_3
iarc600/iquarc/iregisters/icoreregs/iloopcnt   3545.9008     2.3  1004.7136  1376.3200 0.0000 cpu_isle_loopcnt_0
iarc600/iquarc/iregisters/icoreregs/iloopcnt/DP_OP_13J18_122_8061    515.4944     0.3   515.4944     0.0000 0.0000 cpu_isle_loopcnt_DP_OP_13J18_122_8061_J18_0_0
iarc600/iquarc/iregisters/icoreregs/iloopcnt/DP_OP_14J18_123_8061    505.4848     0.3   505.4848     0.0000 0.0000 cpu_isle_loopcnt_DP_OP_14J18_123_8061_J18_0_0
iarc600/iquarc/iregisters/icoreregs/iloopcnt/U_dec32     87.5840     0.1    87.5840     0.0000 0.0000 cpu_isle_dec32_0
iarc600/iquarc/iregisters/icoreregs/iloopcnt/clk_gate_i_lp_cnt_r_reg     18.7680     0.0     0.0000    18.7680 0.0000 cpu_isle_SNPS_CLOCK_GATE_HIGH_loopcnt_0
iarc600/iquarc/iregisters/icoreregs/iloopcnt/clk_gate_i_lp_end_r_reg     18.7680     0.0     0.0000    18.7680 0.0000 cpu_isle_SNPS_CLOCK_GATE_HIGH_loopcnt_2
iarc600/iquarc/iregisters/icoreregs/iloopcnt/clk_gate_i_lp_start_r_reg     18.7680     0.0     0.0000    18.7680 0.0000 cpu_isle_SNPS_CLOCK_GATE_HIGH_loopcnt_1
iarc600/iquarc/iregisters/icoreregs/iregfile_3p_wrap  16831.1419    10.8   461.6928    40.0384 0.0000 cpu_isle_regfile_3p_wrap_0
iarc600/iquarc/iregisters/icoreregs/iregfile_3p_wrap/U_regfile_3p  16329.4107    10.5  5541.5647 10450.0221 0.0000 cpu_isle_regfile_3p_0
iarc600/iquarc/iregisters/icoreregs/iregfile_3p_wrap/U_regfile_3p/clk_gate_address_a_r_reg     18.7680     0.0     0.0000    18.7680 0.0000 cpu_isle_SNPS_CLOCK_GATE_HIGH_regfile_3p_0
iarc600/iquarc/iregisters/icoreregs/iregfile_3p_wrap/U_regfile_3p/clk_gate_address_b_r_reg     18.7680     0.0     0.0000    18.7680 0.0000 cpu_isle_SNPS_CLOCK_GATE_HIGH_regfile_3p_17
iarc600/iquarc/iregisters/icoreregs/iregfile_3p_wrap/U_regfile_3p/clk_gate_regfile_mem_0_r_reg     18.7680     0.0     0.0000    18.7680 0.0000 cpu_isle_SNPS_CLOCK_GATE_HIGH_regfile_3p_13
iarc600/iquarc/iregisters/icoreregs/iregfile_3p_wrap/U_regfile_3p/clk_gate_regfile_mem_10_r_reg     18.7680     0.0     0.0000    18.7680 0.0000 cpu_isle_SNPS_CLOCK_GATE_HIGH_regfile_3p_9
iarc600/iquarc/iregisters/icoreregs/iregfile_3p_wrap/U_regfile_3p/clk_gate_regfile_mem_11_r_reg     18.7680     0.0     0.0000    18.7680 0.0000 cpu_isle_SNPS_CLOCK_GATE_HIGH_regfile_3p_8
iarc600/iquarc/iregisters/icoreregs/iregfile_3p_wrap/U_regfile_3p/clk_gate_regfile_mem_12_r_reg     18.7680     0.0     0.0000    18.7680 0.0000 cpu_isle_SNPS_CLOCK_GATE_HIGH_regfile_3p_7
iarc600/iquarc/iregisters/icoreregs/iregfile_3p_wrap/U_regfile_3p/clk_gate_regfile_mem_13_r_reg     18.7680     0.0     0.0000    18.7680 0.0000 cpu_isle_SNPS_CLOCK_GATE_HIGH_regfile_3p_6
iarc600/iquarc/iregisters/icoreregs/iregfile_3p_wrap/U_regfile_3p/clk_gate_regfile_mem_14_r_reg     18.7680     0.0     0.0000    18.7680 0.0000 cpu_isle_SNPS_CLOCK_GATE_HIGH_regfile_3p_5
iarc600/iquarc/iregisters/icoreregs/iregfile_3p_wrap/U_regfile_3p/clk_gate_regfile_mem_15_r_reg     18.7680     0.0     0.0000    18.7680 0.0000 cpu_isle_SNPS_CLOCK_GATE_HIGH_regfile_3p_4
iarc600/iquarc/iregisters/icoreregs/iregfile_3p_wrap/U_regfile_3p/clk_gate_regfile_mem_1_r_reg     18.7680     0.0     0.0000    18.7680 0.0000 cpu_isle_SNPS_CLOCK_GATE_HIGH_regfile_3p_12
iarc600/iquarc/iregisters/icoreregs/iregfile_3p_wrap/U_regfile_3p/clk_gate_regfile_mem_26_r_reg     18.7680     0.0     0.0000    18.7680 0.0000 cpu_isle_SNPS_CLOCK_GATE_HIGH_regfile_3p_3
iarc600/iquarc/iregisters/icoreregs/iregfile_3p_wrap/U_regfile_3p/clk_gate_regfile_mem_27_r_reg     18.7680     0.0     0.0000    18.7680 0.0000 cpu_isle_SNPS_CLOCK_GATE_HIGH_regfile_3p_2
iarc600/iquarc/iregisters/icoreregs/iregfile_3p_wrap/U_regfile_3p/clk_gate_regfile_mem_28_r_reg     18.7680     0.0     0.0000    18.7680 0.0000 cpu_isle_SNPS_CLOCK_GATE_HIGH_regfile_3p_1
iarc600/iquarc/iregisters/icoreregs/iregfile_3p_wrap/U_regfile_3p/clk_gate_regfile_mem_29_r_reg     18.7680     0.0     0.0000    18.7680 0.0000 cpu_isle_SNPS_CLOCK_GATE_HIGH_regfile_3p_16
iarc600/iquarc/iregisters/icoreregs/iregfile_3p_wrap/U_regfile_3p/clk_gate_regfile_mem_2_r_reg     18.7680     0.0     0.0000    18.7680 0.0000 cpu_isle_SNPS_CLOCK_GATE_HIGH_regfile_3p_11
iarc600/iquarc/iregisters/icoreregs/iregfile_3p_wrap/U_regfile_3p/clk_gate_regfile_mem_30_r_reg     18.7680     0.0     0.0000    18.7680 0.0000 cpu_isle_SNPS_CLOCK_GATE_HIGH_regfile_3p_15
iarc600/iquarc/iregisters/icoreregs/iregfile_3p_wrap/U_regfile_3p/clk_gate_regfile_mem_31_r_reg     18.7680     0.0     0.0000    18.7680 0.0000 cpu_isle_SNPS_CLOCK_GATE_HIGH_regfile_3p_14
iarc600/iquarc/iregisters/icoreregs/iregfile_3p_wrap/U_regfile_3p/clk_gate_regfile_mem_3_r_reg     18.7680     0.0     0.0000    18.7680 0.0000 cpu_isle_SNPS_CLOCK_GATE_HIGH_regfile_3p_10
iarc600/iquarc/iregisters/icoreregs/isync_regs   2404.8064     1.5  1385.0784  1000.9600 0.0000 cpu_isle_sync_regs_0
iarc600/iquarc/iregisters/icoreregs/isync_regs/clk_gate_i_p5_wbdata_r_reg     18.7680     0.0     0.0000    18.7680 0.0000 cpu_isle_SNPS_CLOCK_GATE_HIGH_sync_regs_0
iarc600/iquarc/iregisters/iif_sys   4434.2527      2.8    127.6224      0.0000  0.0000  cpu_isle_if_sys_0
iarc600/iquarc/iregisters/iif_sys/iiccm_control   4306.6304     2.8  2398.5503  1851.7760 0.0000 cpu_isle_iccm_control_0
iarc600/iquarc/iregisters/iif_sys/iiccm_control/clk_gate_i_dmp_sex_r_reg     18.7680     0.0     0.0000    18.7680 0.0000 cpu_isle_SNPS_CLOCK_GATE_HIGH_iccm_control_0
iarc600/iquarc/iregisters/iif_sys/iiccm_control/clk_gate_i_iccm_drd_r_reg     18.7680     0.0     0.0000    18.7680 0.0000 cpu_isle_SNPS_CLOCK_GATE_HIGH_iccm_control_2
iarc600/iquarc/iregisters/iif_sys/iiccm_control/clk_gate_i_p1iw_last_r_reg     18.7680     0.0     0.0000    18.7680 0.0000 cpu_isle_SNPS_CLOCK_GATE_HIGH_iccm_control_1
iarc600/iquarc/iregisters/iinst_align   1108.5632     0.7   639.3632   450.4320 0.0000  cpu_isle_inst_align_0
iarc600/iquarc/iregisters/iinst_align/clk_gate_i_buffer_r_reg     18.7680     0.0     0.0000    18.7680 0.0000 cpu_isle_SNPS_CLOCK_GATE_HIGH_inst_align_0
iarc600/iquarc/iregisters/ixcoreregs   1034.7424     0.7  1034.7424     0.0000  0.0000  cpu_isle_xcoreregs_0
iarc600/iquarc/iuserextensions      1966.8863      1.3   1715.3951      0.0000  0.0000  cpu_isle_userextensions_0
iarc600/iquarc/iuserextensions/ieia_common    251.4912     0.2   132.6272   100.0960 0.0000 cpu_isle_eia_common_0
iarc600/iquarc/iuserextensions/ieia_common/clk_gate_xflags_r_reg     18.7680     0.0     0.0000    18.7680 0.0000 cpu_isle_SNPS_CLOCK_GATE_HIGH_eia_common_0
iarc_ram                             100.0960      0.1      0.0000      0.0000  0.0000  cpu_isle_arc_ram_0
iarc_ram/idccm_ram                    50.0480      0.0     50.0480      0.0000  0.0000  cpu_isle_dccm_ram_0
iarc_ram/iiccm_ram                    50.0480      0.0     50.0480      0.0000  0.0000  cpu_isle_iccm_ram_0
ick_gen                               71.3184      0.0     26.2752     45.0432  0.0000  cpu_isle_ck_gen_0
iibus                              11213.2543      7.2     23.7728      0.0000  0.0000  cpu_isle_ibus_0
iibus/ibus_dcbri_ahb               10557.6256      6.8   3732.3295   6656.3840  0.0000  cpu_isle_ibus_cbri_ahb_C_DATA_WIDTH32_FIFO_DEPTH1_FIFO_PTR_WIDTH1_EXT_A_MSB23_0
iibus/ibus_dcbri_ahb/clk_gate_i_2nd_wr_sz_r_reg     18.7680     0.0     0.0000    18.7680 0.0000 cpu_isle_SNPS_CLOCK_GATE_HIGH_ibus_cbri_ahb_C_DATA_WIDTH32_FIFO_DEPTH1_FIFO_PTR_WIDTH1_EXT_A_MSB23_3
iibus/ibus_dcbri_ahb/clk_gate_i_eop_old_r_reg     18.7680     0.0     0.0000    18.7680 0.0000 cpu_isle_SNPS_CLOCK_GATE_HIGH_ibus_cbri_ahb_C_DATA_WIDTH32_FIFO_DEPTH1_FIFO_PTR_WIDTH1_EXT_A_MSB23_6
iibus/ibus_dcbri_ahb/clk_gate_i_eop_out_r_reg     18.7680     0.0     0.0000    18.7680 0.0000 cpu_isle_SNPS_CLOCK_GATE_HIGH_ibus_cbri_ahb_C_DATA_WIDTH32_FIFO_DEPTH1_FIFO_PTR_WIDTH1_EXT_A_MSB23_7
iibus/ibus_dcbri_ahb/clk_gate_i_eop_top_r_reg     18.7680     0.0     0.0000    18.7680 0.0000 cpu_isle_SNPS_CLOCK_GATE_HIGH_ibus_cbri_ahb_C_DATA_WIDTH32_FIFO_DEPTH1_FIFO_PTR_WIDTH1_EXT_A_MSB23_8
iibus/ibus_dcbri_ahb/clk_gate_i_hsize_r_reg     18.7680     0.0     0.0000    18.7680 0.0000 cpu_isle_SNPS_CLOCK_GATE_HIGH_ibus_cbri_ahb_C_DATA_WIDTH32_FIFO_DEPTH1_FIFO_PTR_WIDTH1_EXT_A_MSB23_4
iibus/ibus_dcbri_ahb/clk_gate_i_hwdata_lagged_r_reg     18.7680     0.0     0.0000    18.7680 0.0000 cpu_isle_SNPS_CLOCK_GATE_HIGH_ibus_cbri_ahb_C_DATA_WIDTH32_FIFO_DEPTH1_FIFO_PTR_WIDTH1_EXT_A_MSB23_2
iibus/ibus_dcbri_ahb/clk_gate_i_state_r_reg     18.7680     0.0     0.0000    18.7680 0.0000 cpu_isle_SNPS_CLOCK_GATE_HIGH_ibus_cbri_ahb_C_DATA_WIDTH32_FIFO_DEPTH1_FIFO_PTR_WIDTH1_EXT_A_MSB23_0
iibus/ibus_dcbri_ahb/clk_gate_i_t_rdata_r_reg     18.7680     0.0     0.0000    18.7680 0.0000 cpu_isle_SNPS_CLOCK_GATE_HIGH_ibus_cbri_ahb_C_DATA_WIDTH32_FIFO_DEPTH1_FIFO_PTR_WIDTH1_EXT_A_MSB23_5
iibus/ibus_dcbri_ahb/clk_gate_i_wrap_r_reg     18.7680     0.0     0.0000    18.7680 0.0000 cpu_isle_SNPS_CLOCK_GATE_HIGH_ibus_cbri_ahb_C_DATA_WIDTH32_FIFO_DEPTH1_FIFO_PTR_WIDTH1_EXT_A_MSB23_1
iibus/iiarb                          631.8560      0.4    512.9920    100.0960  0.0000  cpu_isle_ibus_iarb_ADDR_WIDTH24_DATA_WIDTH32_BE_WIDTH4_FIFO_DEPTH4_0
iibus/iiarb/clk_gate_fifo_ptr_r_reg     18.7680     0.0     0.0000     18.7680  0.0000  cpu_isle_SNPS_CLOCK_GATE_HIGH_ibus_iarb_ADDR_WIDTH24_DATA_WIDTH32_BE_WIDTH4_FIFO_DEPTH4_0
iibus_cksyn                          317.8048      0.2      0.0000      0.0000  0.0000  cpu_isle_ibus_cksyn_0
iibus_cksyn/icksyn_main              285.2736      0.2     66.3136    200.1920  0.0000  cpu_isle_ibus_cksyn_main_0
iibus_cksyn/icksyn_main/clk_gate_sync_mask_r_reg     18.7680     0.0     0.0000    18.7680 0.0000 cpu_isle_SNPS_CLOCK_GATE_HIGH_ibus_cksyn_main_0
iibus_cksyn/icksyn_sys                32.5312      0.0      7.5072     25.0240  0.0000  cpu_isle_ibus_cksyn_sys_0
iio_flops                            659.3824      0.4    103.8496    555.5328  0.0000  cpu_isle_io_flops_0
ijtag_port                          8933.5680      5.7     22.5216      0.0000  0.0000  cpu_isle_jtag_port_0
ijtag_port/u_debug_port             2177.0880      1.4    875.8400   1207.4080  0.0000  cpu_isle_debug_port_0
ijtag_port/u_debug_port/clk_gate_ir_latch_r_reg     18.7680     0.0     0.0000    18.7680 0.0000 cpu_isle_SNPS_CLOCK_GATE_HIGH_debug_port_1
ijtag_port/u_debug_port/clk_gate_ir_sreg_r_reg     18.7680     0.0     0.0000    18.7680 0.0000 cpu_isle_SNPS_CLOCK_GATE_HIGH_debug_port_2
ijtag_port/u_debug_port/clk_gate_shift_register_r_reg     18.7680     0.0     0.0000    18.7680 0.0000 cpu_isle_SNPS_CLOCK_GATE_HIGH_debug_port_0
ijtag_port/u_debug_port/clk_gate_shift_register_r_reg_0     18.7680     0.0     0.0000    18.7680 0.0000 cpu_isle_SNPS_CLOCK_GATE_HIGH_debug_port_4
ijtag_port/u_debug_port/clk_gate_shift_register_r_reg_1     18.7680     0.0     0.0000    18.7680 0.0000 cpu_isle_SNPS_CLOCK_GATE_HIGH_debug_port_3
ijtag_port/u_hif2bt                 5919.4272      3.8   1868.0416   3532.1376  0.0000  cpu_isle_hif2bt_0
ijtag_port/u_hif2bt/add_x_1          406.6400      0.3    406.6400      0.0000  0.0000  cpu_isle_hif2bt_DW01_add_J15_0_0
ijtag_port/u_hif2bt/clk_gate_debug_rdata_r_reg     18.7680     0.0     0.0000    18.7680 0.0000 cpu_isle_SNPS_CLOCK_GATE_HIGH_hif2bt_3
ijtag_port/u_hif2bt/clk_gate_i_address_r_reg     18.7680     0.0     0.0000    18.7680 0.0000 cpu_isle_SNPS_CLOCK_GATE_HIGH_hif2bt_0
ijtag_port/u_hif2bt/clk_gate_i_command_r_reg     18.7680     0.0     0.0000    18.7680 0.0000 cpu_isle_SNPS_CLOCK_GATE_HIGH_hif2bt_4
ijtag_port/u_hif2bt/clk_gate_i_data_in_r_reg     18.7680     0.0     0.0000    18.7680 0.0000 cpu_isle_SNPS_CLOCK_GATE_HIGH_hif2bt_1
ijtag_port/u_hif2bt/clk_gate_i_data_out_r_reg     18.7680     0.0     0.0000    18.7680 0.0000 cpu_isle_SNPS_CLOCK_GATE_HIGH_hif2bt_5
ijtag_port/u_hif2bt/clk_gate_tsm_fsm_r_reg     18.7680     0.0     0.0000    18.7680 0.0000 cpu_isle_SNPS_CLOCK_GATE_HIGH_hif2bt_2
ijtag_port/u_sys_clk_sync            437.9200      0.3     33.7824    404.1376  0.0000  cpu_isle_sys_clk_sync_0
ijtag_port/u_tap_controller          376.6112      0.2    251.4912    125.1200  0.0000  cpu_isle_tap_controller_0
--------------------------------  -----------  -------  ----------  ----------  ------  ----------------------------------------------------------------------------------------------------
Total                                                   88120.7631  67669.9008  0.0000

1
