 
****************************************
Report : clock_gating
        -nosplit
Design : cpu_isle
Version: S-2021.06-SP5-4
Date   : Sat Apr 13 13:57:00 2024
****************************************

Information: Identification of clock-gating cells has not been performed. Pre-existing clock-gating cells will not be reported. (PWR-947)


                             Clock Gating Summary
          ------------------------------------------------------------
          |    Number of Clock gating elements    |      100         |
          |                                       |                  |
          |    Number of Gated registers          |  2357 (86.37%)   |
          |                                       |                  |
          |    Number of Ungated registers        |   372 (13.63%)   |
          |                                       |                  |
          |    Total number of registers          |     2729         |
          ------------------------------------------------------------



                             Clock Gating Report by Origin
          +-------------------------------------------------+------------------+
          |                                                 |    Actual (%)    |
          |                                                 |    Count         |
          +-------------------------------------------------+------------------+
          |  Number of tool-inserted clock gating elements  |   100 (100.00%)  |
          |                                                 |                  |
          |  Number of pre-existing clock gating elements   |     0 (0.00%)    |
          |                                                 |                  |
          |  Number of gated registers                      |  2357 (86.37%)   |
          |                                                 |                  |
          |  Number of tool-inserted gated registers        |  2357 (86.37%)   |
          |                                                 |                  |
          |  Number of pre-existing gated registers         |     0 (0.00%)    |
          |                                                 |                  |
          |  Number of ungated registers                    |   372 (13.63%)   |
          |                                                 |                  |
          |  Number of registers                            |     2729         |
          +-------------------------------------------------+------------------+



1
