Information: Propagating switching activity (low effort zero delay simulation). (PWR-6)
Warning: Design has unannotated primary inputs. (PWR-414)
Warning: Design has unannotated sequential cell outputs. (PWR-415)
 
****************************************
Report : power
        -hier
        -analysis_effort low
Design : cpu_isle
Version: S-2021.06-SP5-4
Date   : Sat Apr 13 16:45:34 2024
****************************************


Library(s) Used:

    sky130_fd_sc_hd__tt_025C_1v80 (File: /home/users/brionqye/Documents/EE292A/ee292a_lab1/build_8ns/6-synopsys-dc-synthesis/inputs/adk/stdcells.db)
    arc_rams (File: /home/users/brionqye/Documents/EE292A/ee292a_lab1/build_8ns/6-synopsys-dc-synthesis/inputs/arc_rams.db)

Information: The library cell 'fake_dccm' in the library 'arc_rams' is not characterized for internal power. (PWR-227)
Information: The library cell 'fake_iccm' in the library 'arc_rams' is not characterized for internal power. (PWR-227)
Information: The design contains cells, other than constants and black boxes, that are not characterized for internal power. (PWR-228)

Operating Conditions: tt_025C_1v80   Library: sky130_fd_sc_hd__tt_025C_1v80
Wire Load Model Mode: Inactive.


Global Operating Voltage = 1.8  
Power-specific unit information :
    Voltage Units = 1V
    Capacitance Units = 1.000000pf
    Time Units = 1ns
    Dynamic Power Units = 1mW    (derived from V,C,T units)
    Leakage Power Units = 1nW


--------------------------------------------------------------------------------
                                       Switch   Int      Leak     Total
Hierarchy                              Power    Power    Power    Power    %
--------------------------------------------------------------------------------
cpu_isle                                  0.843    2.292   76.690    3.135 100.0
  ijtag_port (cpu_isle_jtag_port_0)    3.12e-02    0.168    4.625    0.199   6.4
    u_hif2bt (cpu_isle_hif2bt_0)       1.93e-02 5.63e-02    3.150 7.56e-02   2.4
      add_x_1 (cpu_isle_hif2bt_DW01_add_J15_0_0) 1.48e-06 1.69e-06    0.361 3.53e-06   0.0
    u_tap_controller (cpu_isle_tap_controller_0) 9.82e-04 2.62e-03    0.180 3.61e-03   0.1
    u_sys_clk_sync (cpu_isle_sys_clk_sync_0) 6.26e-03 8.76e-02    0.222 9.38e-02   3.0
    u_debug_port (cpu_isle_debug_port_0) 4.42e-03 2.12e-02    1.062 2.56e-02   0.8
  iibus_cksyn (cpu_isle_ibus_cksyn_0)  5.98e-03 4.33e-02    0.174 4.93e-02   1.6
    icksyn_main (cpu_isle_ibus_cksyn_main_0) 4.58e-03 3.67e-02    0.152 4.13e-02   1.3
    icksyn_sys (cpu_isle_ibus_cksyn_sys_0) 1.40e-03 6.60e-03 2.16e-02 8.00e-03   0.3
  iarc600 (cpu_isle_arc600_0)             0.542    1.764   65.606    2.306  73.5
    idmp (cpu_isle_dmp_0)              4.97e-02    0.136    5.545    0.186   5.9
      idccm_control (cpu_isle_dccm_control_0) 2.83e-02 8.96e-02    1.028    0.118   3.8
        U_readsort (cpu_isle_readsort_1) 7.08e-03 5.42e-03    0.221 1.25e-02   0.4
      imem_align_chk (cpu_isle_mem_align_chk_0) 1.32e-04 5.19e-05 5.15e-03 1.83e-04   0.0
      idebug_access (cpu_isle_debug_access_0) 5.35e-03 1.15e-02    0.475 1.68e-02   0.5
      idecoder (cpu_isle_decoder_0)    3.56e-04 1.90e-04 1.12e-02 5.46e-04   0.0
      ild_arb (cpu_isle_ld_arb_0)      7.47e-04 4.48e-04    0.418 1.20e-03   0.0
      ildst_queue (cpu_isle_ldst_queue_0) 1.48e-02 3.46e-02    3.259 4.94e-02   1.6
        U_readsort (cpu_isle_readsort_0) 3.69e-05 7.90e-06    0.133 4.49e-05   0.0
    iquarc (cpu_isle_quarc_0)             0.492    1.628   59.886    2.120  67.6
      idebug_exts (cpu_isle_debug_exts_0) 2.84e-02 6.82e-03    6.921 3.53e-02   1.1
        U_actionpoints (cpu_isle_actionpoints_0) 2.84e-02 6.82e-03    6.441 3.53e-02   1.1
          U_ap_compare1 (cpu_isle_ap_compare_1) 5.62e-03 2.54e-04    1.433 5.87e-03   0.2
          U_ap_compare0 (cpu_isle_ap_compare_0) 5.50e-03 2.54e-04    1.440 5.75e-03   0.2
      iauxiliary (cpu_isle_auxiliary_0) 9.67e-02    0.628    6.222    0.724  23.1
        itimer0 (cpu_isle_timer0_0)    6.40e-02    0.354    1.544    0.418  13.3
          add_x_1 (cpu_isle_timer0_DW01_inc_J12_0_0) 6.89e-04 7.10e-04    0.352 1.40e-03   0.0
        ihostif (cpu_isle_hostif_0)    1.88e-02    0.157    1.116    0.176   5.6
        ixaux_regs (cpu_isle_xaux_regs_0) 4.55e-03 1.77e-02    1.311 2.22e-02   0.7
        iaux_regs (cpu_isle_aux_regs_0) 8.96e-03 9.87e-02    1.391    0.108   3.4
          U_debug (cpu_isle_debug_0)   5.36e-04 1.45e-02 9.52e-02 1.50e-02   0.5
          U_flags (cpu_isle_flags_0)   7.03e-03 7.39e-02    0.730 8.10e-02   2.6
      iregisters (cpu_isle_registers_0)    0.136    0.257   16.804    0.393  12.5
        iif_sys (cpu_isle_if_sys_0)    5.31e-02 9.62e-02    2.113    0.149   4.8
          iiccm_control (cpu_isle_iccm_control_0) 5.24e-02 9.61e-02    2.001    0.149   4.7
        iinst_align (cpu_isle_inst_align_0) 1.44e-02 1.69e-02    0.577 3.13e-02   1.0
        ixcoreregs (cpu_isle_xcoreregs_0) 8.69e-05 8.89e-05    0.139 1.76e-04   0.0
        icoreregs (cpu_isle_coreregs_0) 5.44e-02    0.142   13.241    0.197   6.3
          iregfile_3p_wrap (cpu_isle_regfile_3p_wrap_0) 6.92e-03 7.13e-02    5.925 7.83e-02   2.5
            U_regfile_3p (cpu_isle_regfile_3p_0) 4.27e-03 6.09e-02    5.653 6.52e-02   2.1
          isync_regs (cpu_isle_sync_regs_0) 8.70e-03 1.66e-02    1.387 2.53e-02   0.8
          iloopcnt (cpu_isle_loopcnt_0) 6.76e-03 1.65e-02    1.584 2.33e-02   0.7
            DP_OP_13J18_122_8061 (cpu_isle_loopcnt_DP_OP_13J18_122_8061_J18_0_0) 3.16e-04 3.45e-04    0.228 6.61e-04   0.0
            DP_OP_14J18_123_8061 (cpu_isle_loopcnt_DP_OP_14J18_123_8061_J18_0_0) 3.69e-04 4.46e-04    0.208 8.15e-04   0.0
            U_dec32 (cpu_isle_dec32_0) 4.45e-06 3.50e-06 3.45e-02 7.98e-06   0.0
          icr_int (cpu_isle_cr_int_0)  3.18e-02 3.78e-02    4.029 6.96e-02   2.2
      ialu (cpu_isle_alu_0)            3.67e-02    0.206    8.971    0.243   7.7
        ixalu (cpu_isle_xalu_0)        1.44e-02    0.190    5.848    0.205   6.5
          add_x_56 (cpu_isle_xalu_DW01_add_J45_0_0) 2.87e-06 2.97e-06    0.413 6.25e-06   0.0
          add_x_55 (cpu_isle_xalu_DW01_add_J44_0_0) 1.59e-05 1.14e-05    0.400 2.77e-05   0.0
          u_mul32x5 (cpu_isle_mult32x5cs_0) 3.83e-05 3.10e-05    1.073 7.04e-05   0.0
        ibigalu (cpu_isle_bigalu_0)    2.22e-02 1.56e-02    2.712 3.78e-02   1.2
          U_adder (cpu_isle_adder_0)   4.54e-03 3.40e-03    0.414 7.94e-03   0.3
            DP_OP_7J12_122_4863 (cpu_isle_adder_DP_OP_7J12_122_4863_0_0) 3.15e-03 1.77e-03    0.379 4.92e-03   0.2
      icontrol (cpu_isle_control_0)       0.182    0.526   15.923    0.708  22.6
        ipcounter (cpu_isle_pcounter_0) 4.91e-02 8.95e-02    4.859    0.139   4.4
          add_x_1 (cpu_isle_pcounter_DW01_add_2_0) 3.45e-03 1.74e-03    0.210 5.20e-03   0.2
          add_x_19 (cpu_isle_pcounter_DW01_inc_J9_0_0) 7.36e-04 3.10e-04    0.226 1.05e-03   0.0
        ick_ctrl (cpu_isle_ck_ctrl_0)  2.25e-03 3.23e-02    0.126 3.45e-02   1.1
        ilsu (cpu_isle_lsu_0)          4.97e-03 1.89e-02    0.613 2.38e-02   0.8
          U_scoreboard (cpu_isle_scorebd_0) 4.76e-03 1.88e-02    0.594 2.35e-02   0.8
            U_scorfifo (cpu_isle_scorfifo_0) 4.06e-03 1.85e-02    0.557 2.26e-02   0.7
              U_scoritem3 (cpu_isle_scoritem_1) 1.63e-03 8.84e-03    0.224 1.05e-02   0.3
              U_scoritem0 (cpu_isle_scoritem_0) 2.24e-03 9.51e-03    0.248 1.17e-02   0.4
        iint_unit (cpu_isle_int_unit_0) 2.14e-02    0.173    2.141    0.195   6.2
        ixrctl (cpu_isle_xrctl_0)      3.25e-03 1.10e-02    0.418 1.42e-02   0.5
        irctl (cpu_isle_rctl_0)           0.101    0.201    6.440    0.301   9.6
      iuserextensions (cpu_isle_userextensions_0) 5.03e-04 3.44e-03    1.610 3.95e-03   0.1
        ieia_common (cpu_isle_eia_common_0) 5.03e-04 3.44e-03    0.130 3.94e-03   0.1
  iibus (cpu_isle_ibus_0)              4.47e-02    0.193    5.657    0.237   7.6
    ibus_dcbri_ahb (cpu_isle_ibus_cbri_ahb_C_DATA_WIDTH32_FIFO_DEPTH1_FIFO_PTR_WIDTH1_EXT_A_MSB23_0) 4.37e-02    0.184    5.399    0.228   7.3
    iiarb (cpu_isle_ibus_iarb_ADDR_WIDTH24_DATA_WIDTH32_BE_WIDTH4_FIFO_DEPTH4_0) 1.04e-03 8.17e-03    0.242 9.21e-03   0.3
  ick_gen (cpu_isle_ck_gen_0)             0.183 1.32e-02 3.21e-02    0.196   6.2
  iio_flops (cpu_isle_io_flops_0)      7.56e-03    0.109    0.363    0.117   3.7
  iarc_ram (cpu_isle_arc_ram_0)        2.94e-02 1.52e-03 3.09e-02 3.09e-02   1.0
    iiccm_ram (cpu_isle_iccm_ram_0)    2.16e-02 8.78e-04 1.54e-02 2.25e-02   0.7
    idccm_ram (cpu_isle_dccm_ram_0)    7.79e-03 6.43e-04 1.55e-02 8.43e-03   0.3
1
