 
****************************************
Report : area
Design : cpu_isle
Version: S-2021.06-SP5-4
Date   : Mon May 13 01:48:07 2024
****************************************

Library(s) Used:

    saed32rvt_tt0p85v25c (File: /home/users/brionqye/Documents/EE292A/ee292a_lab3/build_32nm/6-synopsys-dc-synthesis/inputs/adk/stdcells.db)
    arc_rams (File: /home/users/brionqye/Documents/EE292A/ee292a_lab3/build_32nm/6-synopsys-dc-synthesis/inputs/arc_rams.db)

Number of ports:                        25461
Number of nets:                         34865
Number of cells:                        18423
Number of combinational cells:          12259
Number of sequential cells:              2831
Number of macros/black boxes:               2
Number of buf/inv:                       2140
Number of references:                       9

Combinational area:              28039.199461
Buf/Inv area:                     3140.457470
Noncombinational area:           20409.542639
Macro/Black Box area:                0.000000
Net Interconnect area:      undefined  (Wire load has zero net area)

Total cell area:                 48448.742099
Total area:                 undefined

Core Area:                     84506
Aspect Ratio:                 1.0016
Utilization Ratio:            0.5787


The above information was reported from the logical library. The following are from the physical library:

  Total moveable cell area: 48906.1
  Total fixed cell area: 0.0
  Total physical cell area: 48906.1
 Core area: 0.000, 0.000, 290.472, 290.928

Hierarchical area distribution
------------------------------

                                  Global cell area            Local cell area
                                  -------------------  ------------------------------ 
Hierarchical cell                 Absolute    Percent  Combi-      Noncombi-   Black-
                                  Total       Total    national    national    boxes   Design
--------------------------------  ----------  -------  ----------  ----------  ------  ----------------------------------------------------------------------------------------------------
cpu_isle                          48448.7421    100.0     34.8177      0.0000  0.0000  cpu_isle
iarc600                           41715.1967     86.1      0.0000      0.0000  0.0000  cpu_isle_arc600_0
iarc600/idmp                       3643.6626      7.5      0.0000      0.0000  0.0000  cpu_isle_dmp_0
iarc600/idmp/idccm_control          891.2830      1.8    530.1444    177.9008  0.0000  cpu_isle_dccm_control_0
iarc600/idmp/idccm_control/U_readsort   171.5472     0.4   171.5472     0.0000 0.0000  cpu_isle_readsort_1
iarc600/idmp/idccm_control/clk_gate_i_d_addr_r_reg     5.8453     0.0     0.0000     5.8453 0.0000 cpu_isle_SNPS_CLOCK_GATE_HIGH_dccm_control_1
iarc600/idmp/idccm_control/clk_gate_i_ldst_raddr_r_reg     5.8453     0.0     0.0000     5.8453 0.0000 cpu_isle_SNPS_CLOCK_GATE_HIGH_dccm_control_0
iarc600/idmp/idebug_access          377.1497      0.8    355.8016     21.3481  0.0000  cpu_isle_debug_access_0
iarc600/idmp/idecoder                21.6022      0.0     21.6022      0.0000  0.0000  cpu_isle_decoder_0
iarc600/idmp/ild_arb                130.8842      0.3    130.8842      0.0000  0.0000  cpu_isle_ld_arb_0
iarc600/idmp/ildst_queue           2210.5445      4.6    915.1725   1088.7529  0.0000  cpu_isle_ldst_queue_0
iarc600/idmp/ildst_queue/U_readsort   171.5472     0.4   171.5472      0.0000  0.0000  cpu_isle_readsort_0
iarc600/idmp/ildst_queue/clk_gate_i_a_load_r_reg     5.8453     0.0     0.0000     5.8453 0.0000 cpu_isle_SNPS_CLOCK_GATE_HIGH_ldst_queue_0
iarc600/idmp/ildst_queue/clk_gate_i_b_load_r_reg     5.8453     0.0     0.0000     5.8453 0.0000 cpu_isle_SNPS_CLOCK_GATE_HIGH_ldst_queue_5
iarc600/idmp/ildst_queue/clk_gate_i_fifo_addr0_r_reg     5.8453     0.0     0.0000     5.8453 0.0000 cpu_isle_SNPS_CLOCK_GATE_HIGH_ldst_queue_3
iarc600/idmp/ildst_queue/clk_gate_i_fifo_addr1_r_reg     5.8453     0.0     0.0000     5.8453 0.0000 cpu_isle_SNPS_CLOCK_GATE_HIGH_ldst_queue_2
iarc600/idmp/ildst_queue/clk_gate_i_fifo_addr2_r_reg     5.8453     0.0     0.0000     5.8453 0.0000 cpu_isle_SNPS_CLOCK_GATE_HIGH_ldst_queue_1
iarc600/idmp/ildst_queue/clk_gate_i_fifo_store3_r_reg     5.8453     0.0     0.0000     5.8453 0.0000 cpu_isle_SNPS_CLOCK_GATE_HIGH_ldst_queue_4
iarc600/idmp/imem_align_chk          12.1989      0.0     12.1989      0.0000  0.0000  cpu_isle_mem_align_chk_0
iarc600/iquarc                    38071.5341     78.6    102.1659      0.0000  0.0000  cpu_isle_quarc_0
iarc600/iquarc/ialu                6452.4620     13.3      2.0332      0.0000  0.0000  cpu_isle_alu_0
iarc600/iquarc/ialu/ibigalu        2092.8759      4.3   1581.5381    227.7130  0.0000  cpu_isle_bigalu_0
iarc600/iquarc/ialu/ibigalu/U_adder   277.7794     0.6    50.3205      0.0000  0.0000  cpu_isle_adder_0
iarc600/iquarc/ialu/ibigalu/U_adder/DP_OP_7J12_122_4863   227.4589     0.5   227.4589     0.0000 0.0000 cpu_isle_adder_DP_OP_7J12_122_4863_J12_0_0
iarc600/iquarc/ialu/ibigalu/clk_gate_i_wbdata_r_reg     5.8453     0.0     0.0000     5.8453 0.0000 cpu_isle_SNPS_CLOCK_GATE_HIGH_bigalu_0
iarc600/iquarc/ialu/ixalu          4357.5530      9.0   2083.4725    989.1285  0.0000  cpu_isle_xalu_0
iarc600/iquarc/ialu/ixalu/add_x_55   165.1936     0.3    165.1936      0.0000  0.0000  cpu_isle_xalu_DW01_add_J8_1_0
iarc600/iquarc/ialu/ixalu/add_x_56   172.3096     0.4    172.3096      0.0000  0.0000  cpu_isle_xalu_DW01_add_J8_0_0
iarc600/iquarc/ialu/ixalu/clk_gate_i_m1val_r_reg     5.8453     0.0     0.0000     5.8453 0.0000 cpu_isle_SNPS_CLOCK_GATE_HIGH_xalu_3
iarc600/iquarc/ialu/ixalu/clk_gate_i_mul_state_r_reg     5.8453     0.0     0.0000     5.8453 0.0000 cpu_isle_SNPS_CLOCK_GATE_HIGH_xalu_0
iarc600/iquarc/ialu/ixalu/clk_gate_i_multiply_res_r_reg     5.8453     0.0     0.0000     5.8453 0.0000 cpu_isle_SNPS_CLOCK_GATE_HIGH_xalu_2
iarc600/iquarc/ialu/ixalu/clk_gate_i_multiply_res_r_reg_0     5.8453     0.0     0.0000     5.8453 0.0000 cpu_isle_SNPS_CLOCK_GATE_HIGH_xalu_1
iarc600/iquarc/ialu/ixalu/u_mul32x5   924.0676     1.9   924.0676      0.0000  0.0000  cpu_isle_mult32x5cs_0
iarc600/iquarc/iauxiliary          4244.9673      8.8     26.4310      0.0000  0.0000  cpu_isle_auxiliary_0
iarc600/iquarc/iauxiliary/iaux_regs  1107.0513     2.3   448.5642     14.2321  0.0000  cpu_isle_aux_regs_0
iarc600/iquarc/iauxiliary/iaux_regs/U_debug    61.5028     0.1    40.1548    21.3481 0.0000 cpu_isle_debug_0
iarc600/iquarc/iauxiliary/iaux_regs/U_flags   582.7522     1.2   349.9563   221.1053 0.0000 cpu_isle_flags_0
iarc600/iquarc/iauxiliary/iaux_regs/U_flags/clk_gate_i_status_l1_r_reg     5.8453     0.0     0.0000     5.8453 0.0000 cpu_isle_SNPS_CLOCK_GATE_HIGH_flags_1
iarc600/iquarc/iauxiliary/iaux_regs/U_flags/clk_gate_i_status_l2_r_reg     5.8453     0.0     0.0000     5.8453 0.0000 cpu_isle_SNPS_CLOCK_GATE_HIGH_flags_0
iarc600/iquarc/iauxiliary/ihostif   663.3159      1.4    435.6028    227.7130  0.0000  cpu_isle_hostif_0
iarc600/iquarc/iauxiliary/itimer0   935.2499      1.9    322.2546    493.0394  0.0000  cpu_isle_timer0_0
iarc600/iquarc/iauxiliary/itimer0/add_x_1   102.4200     0.2   102.4200     0.0000 0.0000 cpu_isle_timer0_DW01_inc_J12_0_0
iarc600/iquarc/iauxiliary/itimer0/clk_gate_i_tcontrol_r_reg     5.8453     0.0     0.0000     5.8453 0.0000 cpu_isle_SNPS_CLOCK_GATE_HIGH_timer0_1
iarc600/iquarc/iauxiliary/itimer0/clk_gate_i_timer_r_reg     5.8453     0.0     0.0000     5.8453 0.0000 cpu_isle_SNPS_CLOCK_GATE_HIGH_timer0_0
iarc600/iquarc/iauxiliary/itimer0/clk_gate_i_tlimit_r_reg     5.8453     0.0     0.0000     5.8453 0.0000 cpu_isle_SNPS_CLOCK_GATE_HIGH_timer0_2
iarc600/iquarc/iauxiliary/ixaux_regs  1512.9193     3.1  1358.9080   142.3206  0.0000  cpu_isle_xaux_regs_0
iarc600/iquarc/iauxiliary/ixaux_regs/clk_gate_i_int_vector_base_r_reg     5.8453     0.0     0.0000     5.8453 0.0000 cpu_isle_SNPS_CLOCK_GATE_HIGH_xaux_regs_0
iarc600/iquarc/iauxiliary/ixaux_regs/clk_gate_i_ldst_ram_base_addr_r_reg     5.8453     0.0     0.0000     5.8453 0.0000 cpu_isle_SNPS_CLOCK_GATE_HIGH_xaux_regs_1
iarc600/iquarc/icontrol            9905.7708     20.4     10.1658      0.0000  0.0000  cpu_isle_control_0
iarc600/iquarc/icontrol/ick_ctrl     83.8675      0.2     41.1713     42.6962  0.0000  cpu_isle_ck_ctrl_0
iarc600/iquarc/icontrol/iint_unit  1504.2784      3.1    985.5704    501.1720  0.0000  cpu_isle_int_unit_0
iarc600/iquarc/icontrol/iint_unit/clk_gate_i_aux_hint_r_reg     5.8453     0.0     0.0000     5.8453 0.0000 cpu_isle_SNPS_CLOCK_GATE_HIGH_int_unit_2
iarc600/iquarc/icontrol/iint_unit/clk_gate_i_aux_lev_r_reg     5.8453     0.0     0.0000     5.8453 0.0000 cpu_isle_SNPS_CLOCK_GATE_HIGH_int_unit_0
iarc600/iquarc/icontrol/iint_unit/clk_gate_i_p2ilevel1_r_reg     5.8453     0.0     0.0000     5.8453 0.0000 cpu_isle_SNPS_CLOCK_GATE_HIGH_int_unit_1
iarc600/iquarc/icontrol/ilsu        511.0836      1.1      3.5580      0.0000  0.0000  cpu_isle_lsu_0
iarc600/iquarc/icontrol/ilsu/U_scoreboard   507.5256     1.0    27.1934     0.0000 0.0000 cpu_isle_scorebd_0
iarc600/iquarc/icontrol/ilsu/U_scoreboard/U_scorfifo   480.3322     1.0   108.2653     0.0000 0.0000 cpu_isle_scorfifo_0
iarc600/iquarc/icontrol/ilsu/U_scoreboard/U_scorfifo/U_scoritem0   196.4533     0.4   119.4477    71.1603 0.0000 cpu_isle_scoritem_0
iarc600/iquarc/icontrol/ilsu/U_scoreboard/U_scorfifo/U_scoritem0/clk_gate_i_item_r_reg     5.8453     0.0     0.0000     5.8453 0.0000 cpu_isle_SNPS_CLOCK_GATE_HIGH_scoritem_1_0
iarc600/iquarc/icontrol/ilsu/U_scoreboard/U_scorfifo/U_scoritem3   175.6135     0.4    98.6079    71.1603 0.0000 cpu_isle_scoritem_1
iarc600/iquarc/icontrol/ilsu/U_scoreboard/U_scorfifo/U_scoritem3/clk_gate_i_item_r_reg     5.8453     0.0     0.0000     5.8453 0.0000 cpu_isle_SNPS_CLOCK_GATE_HIGH_scoritem_0_0
iarc600/iquarc/icontrol/ipcounter  2915.2859      6.0   1156.3552   1547.2287  0.0000  cpu_isle_pcounter_0
iarc600/iquarc/icontrol/ipcounter/add_x_1   104.7073     0.2   104.7073     0.0000 0.0000 cpu_isle_pcounter_DW01_add_J9_0_0
iarc600/iquarc/icontrol/ipcounter/add_x_19    66.0774     0.1    66.0774     0.0000 0.0000 cpu_isle_pcounter_DW01_inc_J9_0_0
iarc600/iquarc/icontrol/ipcounter/clk_gate_i_currentpc_r_reg     5.8453     0.0     0.0000     5.8453 0.0000 cpu_isle_SNPS_CLOCK_GATE_HIGH_pcounter_3
iarc600/iquarc/icontrol/ipcounter/clk_gate_i_currentpc_to_cache_r_reg     5.8453     0.0     0.0000     5.8453 0.0000 cpu_isle_SNPS_CLOCK_GATE_HIGH_pcounter_2
iarc600/iquarc/icontrol/ipcounter/clk_gate_i_last_pc_plus_len_r_reg     5.8453     0.0     0.0000     5.8453 0.0000 cpu_isle_SNPS_CLOCK_GATE_HIGH_pcounter_0
iarc600/iquarc/icontrol/ipcounter/clk_gate_i_p2b_pc_r_reg     5.8453     0.0     0.0000     5.8453 0.0000 cpu_isle_SNPS_CLOCK_GATE_HIGH_pcounter_6
iarc600/iquarc/icontrol/ipcounter/clk_gate_i_p3_target_buffer_r_reg     5.8453     0.0     0.0000     5.8453 0.0000 cpu_isle_SNPS_CLOCK_GATE_HIGH_pcounter_5
iarc600/iquarc/icontrol/ipcounter/clk_gate_i_p4_target_buffer_r_reg     5.8453     0.0     0.0000     5.8453 0.0000 cpu_isle_SNPS_CLOCK_GATE_HIGH_pcounter_4
iarc600/iquarc/icontrol/ipcounter/clk_gate_i_restart_addr_r_reg     5.8453     0.0     0.0000     5.8453 0.0000 cpu_isle_SNPS_CLOCK_GATE_HIGH_pcounter_1
iarc600/iquarc/icontrol/irctl      4571.0340      9.4   2971.4517   1564.5105  0.0000  cpu_isle_rctl_0
iarc600/iquarc/icontrol/irctl/clk_gate_i_p2_iw_r_reg     5.8453     0.0     0.0000     5.8453 0.0000 cpu_isle_SNPS_CLOCK_GATE_HIGH_rctl_0
iarc600/iquarc/icontrol/irctl/clk_gate_i_p2b_branch_iv_r_reg     5.8453     0.0     0.0000     5.8453 0.0000 cpu_isle_SNPS_CLOCK_GATE_HIGH_rctl_5
iarc600/iquarc/icontrol/irctl/clk_gate_i_p2b_has_dslot_r_reg     5.8453     0.0     0.0000     5.8453 0.0000 cpu_isle_SNPS_CLOCK_GATE_HIGH_rctl_1
iarc600/iquarc/icontrol/irctl/clk_gate_i_p3_sync_inst_r_reg     5.8453     0.0     0.0000     5.8453 0.0000 cpu_isle_SNPS_CLOCK_GATE_HIGH_rctl_4
iarc600/iquarc/icontrol/irctl/clk_gate_i_p4_br_or_bbit_r_reg     5.8453     0.0     0.0000     5.8453 0.0000 cpu_isle_SNPS_CLOCK_GATE_HIGH_rctl_2
iarc600/iquarc/icontrol/irctl/clk_gate_i_p4_wba_r_reg     5.8453     0.0     0.0000     5.8453 0.0000 cpu_isle_SNPS_CLOCK_GATE_HIGH_rctl_3
iarc600/iquarc/icontrol/ixrctl      310.0557      0.6    205.8566     92.5084  0.0000  cpu_isle_xrctl_0
iarc600/iquarc/icontrol/ixrctl/clk_gate_ix_idecode2b_r_reg     5.8453     0.0     0.0000     5.8453 0.0000 cpu_isle_SNPS_CLOCK_GATE_HIGH_xrctl_0
iarc600/iquarc/icontrol/ixrctl/clk_gate_ix_idecode3_r_reg     5.8453     0.0     0.0000     5.8453 0.0000 cpu_isle_SNPS_CLOCK_GATE_HIGH_xrctl_1
iarc600/iquarc/idebug_exts         4497.8406      9.3      0.0000      0.0000  0.0000  cpu_isle_debug_exts_0
iarc600/iquarc/idebug_exts/U_actionpoints  4497.8406     9.3  1037.4158  1280.8858 0.0000 cpu_isle_actionpoints_0
iarc600/iquarc/idebug_exts/U_actionpoints/U_ap_compare0  1073.7584     2.2   469.9123   603.8462 0.0000 cpu_isle_ap_compare_0
iarc600/iquarc/idebug_exts/U_actionpoints/U_ap_compare1  1070.7087     2.2   466.8625   603.8462 0.0000 cpu_isle_ap_compare_1
iarc600/iquarc/idebug_exts/U_actionpoints/clk_gate_i_ap_control_r_reg     5.8453     0.0     0.0000     5.8453 0.0000 cpu_isle_SNPS_CLOCK_GATE_HIGH_actionpoints_4
iarc600/iquarc/idebug_exts/U_actionpoints/clk_gate_i_ap_control_r_reg_0     5.8453     0.0     0.0000     5.8453 0.0000 cpu_isle_SNPS_CLOCK_GATE_HIGH_actionpoints_3
iarc600/iquarc/idebug_exts/U_actionpoints/clk_gate_i_ap_mask_r_reg     5.8453     0.0     0.0000     5.8453 0.0000 cpu_isle_SNPS_CLOCK_GATE_HIGH_actionpoints_0
iarc600/iquarc/idebug_exts/U_actionpoints/clk_gate_i_ap_mask_r_reg_0     5.8453     0.0     0.0000     5.8453 0.0000 cpu_isle_SNPS_CLOCK_GATE_HIGH_actionpoints_5
iarc600/iquarc/idebug_exts/U_actionpoints/clk_gate_i_ap_value_r_reg     5.8453     0.0     0.0000     5.8453 0.0000 cpu_isle_SNPS_CLOCK_GATE_HIGH_actionpoints_1
iarc600/iquarc/idebug_exts/U_actionpoints/clk_gate_i_p2_currentpc_r_reg     5.8453     0.0     0.0000     5.8453 0.0000 cpu_isle_SNPS_CLOCK_GATE_HIGH_actionpoints_2
iarc600/iquarc/iregisters         12784.4600     26.4    125.5471      0.0000  0.0000  cpu_isle_registers_0
iarc600/iquarc/iregisters/icoreregs 10603.3962    21.9     6.0995      0.0000  0.0000  cpu_isle_coreregs_0
iarc600/iquarc/iregisters/icoreregs/icr_int  3164.8553     6.5  1995.7929  1145.6812 0.0000 cpu_isle_cr_int_0
iarc600/iquarc/iregisters/icoreregs/icr_int/clk_gate_i_ext_s2val_r_reg     5.8453     0.0     0.0000     5.8453 0.0000 cpu_isle_SNPS_CLOCK_GATE_HIGH_cr_int_1
iarc600/iquarc/iregisters/icoreregs/icr_int/clk_gate_i_s1val_r_reg     5.8453     0.0     0.0000     5.8453 0.0000 cpu_isle_SNPS_CLOCK_GATE_HIGH_cr_int_2
iarc600/iquarc/iregisters/icoreregs/icr_int/clk_gate_i_s2val_inverted_r_reg     5.8453     0.0     0.0000     5.8453 0.0000 cpu_isle_SNPS_CLOCK_GATE_HIGH_cr_int_0
iarc600/iquarc/iregisters/icoreregs/icr_int/clk_gate_i_stval_r_reg     5.8453     0.0     0.0000     5.8453 0.0000 cpu_isle_SNPS_CLOCK_GATE_HIGH_cr_int_3
iarc600/iquarc/iregisters/icoreregs/iloopcnt  1057.7473     2.2   158.5859   503.2051 0.0000 cpu_isle_loopcnt_0
iarc600/iquarc/iregisters/icoreregs/iloopcnt/DP_OP_13J18_122_8061   172.8179     0.4   172.8179     0.0000 0.0000 cpu_isle_loopcnt_DP_OP_13J18_122_8061_J18_0_0
iarc600/iquarc/iregisters/icoreregs/iloopcnt/DP_OP_14J18_123_8061   167.7350     0.3   167.7350     0.0000 0.0000 cpu_isle_loopcnt_DP_OP_14J18_123_8061_J18_0_0
iarc600/iquarc/iregisters/icoreregs/iloopcnt/U_dec32    37.8675     0.1    37.8675     0.0000 0.0000 cpu_isle_dec32_0
iarc600/iquarc/iregisters/icoreregs/iloopcnt/clk_gate_i_lp_cnt_r_reg     5.8453     0.0     0.0000     5.8453 0.0000 cpu_isle_SNPS_CLOCK_GATE_HIGH_loopcnt_0
iarc600/iquarc/iregisters/icoreregs/iloopcnt/clk_gate_i_lp_end_r_reg     5.8453     0.0     0.0000     5.8453 0.0000 cpu_isle_SNPS_CLOCK_GATE_HIGH_loopcnt_2
iarc600/iquarc/iregisters/icoreregs/iloopcnt/clk_gate_i_lp_start_r_reg     5.8453     0.0     0.0000     5.8453 0.0000 cpu_isle_SNPS_CLOCK_GATE_HIGH_loopcnt_1
iarc600/iquarc/iregisters/icoreregs/iregfile_3p_wrap  5664.8699    11.7   156.0444    14.2321 0.0000 cpu_isle_regfile_3p_wrap_0
iarc600/iquarc/iregisters/icoreregs/iregfile_3p_wrap/U_regfile_3p  5494.5934    11.3  1940.1353  3449.2425 0.0000 cpu_isle_regfile_3p_0
iarc600/iquarc/iregisters/icoreregs/iregfile_3p_wrap/U_regfile_3p/clk_gate_address_a_r_reg     5.8453     0.0     0.0000     5.8453 0.0000 cpu_isle_SNPS_CLOCK_GATE_HIGH_regfile_3p_0
iarc600/iquarc/iregisters/icoreregs/iregfile_3p_wrap/U_regfile_3p/clk_gate_address_b_r_reg     5.8453     0.0     0.0000     5.8453 0.0000 cpu_isle_SNPS_CLOCK_GATE_HIGH_regfile_3p_17
iarc600/iquarc/iregisters/icoreregs/iregfile_3p_wrap/U_regfile_3p/clk_gate_regfile_mem_0_r_reg     5.8453     0.0     0.0000     5.8453 0.0000 cpu_isle_SNPS_CLOCK_GATE_HIGH_regfile_3p_13
iarc600/iquarc/iregisters/icoreregs/iregfile_3p_wrap/U_regfile_3p/clk_gate_regfile_mem_10_r_reg     5.8453     0.0     0.0000     5.8453 0.0000 cpu_isle_SNPS_CLOCK_GATE_HIGH_regfile_3p_9
iarc600/iquarc/iregisters/icoreregs/iregfile_3p_wrap/U_regfile_3p/clk_gate_regfile_mem_11_r_reg     5.8453     0.0     0.0000     5.8453 0.0000 cpu_isle_SNPS_CLOCK_GATE_HIGH_regfile_3p_8
iarc600/iquarc/iregisters/icoreregs/iregfile_3p_wrap/U_regfile_3p/clk_gate_regfile_mem_12_r_reg     5.8453     0.0     0.0000     5.8453 0.0000 cpu_isle_SNPS_CLOCK_GATE_HIGH_regfile_3p_7
iarc600/iquarc/iregisters/icoreregs/iregfile_3p_wrap/U_regfile_3p/clk_gate_regfile_mem_13_r_reg     5.8453     0.0     0.0000     5.8453 0.0000 cpu_isle_SNPS_CLOCK_GATE_HIGH_regfile_3p_6
iarc600/iquarc/iregisters/icoreregs/iregfile_3p_wrap/U_regfile_3p/clk_gate_regfile_mem_14_r_reg     5.8453     0.0     0.0000     5.8453 0.0000 cpu_isle_SNPS_CLOCK_GATE_HIGH_regfile_3p_5
iarc600/iquarc/iregisters/icoreregs/iregfile_3p_wrap/U_regfile_3p/clk_gate_regfile_mem_15_r_reg     5.8453     0.0     0.0000     5.8453 0.0000 cpu_isle_SNPS_CLOCK_GATE_HIGH_regfile_3p_4
iarc600/iquarc/iregisters/icoreregs/iregfile_3p_wrap/U_regfile_3p/clk_gate_regfile_mem_1_r_reg     5.8453     0.0     0.0000     5.8453 0.0000 cpu_isle_SNPS_CLOCK_GATE_HIGH_regfile_3p_12
iarc600/iquarc/iregisters/icoreregs/iregfile_3p_wrap/U_regfile_3p/clk_gate_regfile_mem_26_r_reg     5.8453     0.0     0.0000     5.8453 0.0000 cpu_isle_SNPS_CLOCK_GATE_HIGH_regfile_3p_3
iarc600/iquarc/iregisters/icoreregs/iregfile_3p_wrap/U_regfile_3p/clk_gate_regfile_mem_27_r_reg     5.8453     0.0     0.0000     5.8453 0.0000 cpu_isle_SNPS_CLOCK_GATE_HIGH_regfile_3p_2
iarc600/iquarc/iregisters/icoreregs/iregfile_3p_wrap/U_regfile_3p/clk_gate_regfile_mem_28_r_reg     5.8453     0.0     0.0000     5.8453 0.0000 cpu_isle_SNPS_CLOCK_GATE_HIGH_regfile_3p_1
iarc600/iquarc/iregisters/icoreregs/iregfile_3p_wrap/U_regfile_3p/clk_gate_regfile_mem_29_r_reg     5.8453     0.0     0.0000     5.8453 0.0000 cpu_isle_SNPS_CLOCK_GATE_HIGH_regfile_3p_16
iarc600/iquarc/iregisters/icoreregs/iregfile_3p_wrap/U_regfile_3p/clk_gate_regfile_mem_2_r_reg     5.8453     0.0     0.0000     5.8453 0.0000 cpu_isle_SNPS_CLOCK_GATE_HIGH_regfile_3p_11
iarc600/iquarc/iregisters/icoreregs/iregfile_3p_wrap/U_regfile_3p/clk_gate_regfile_mem_30_r_reg     5.8453     0.0     0.0000     5.8453 0.0000 cpu_isle_SNPS_CLOCK_GATE_HIGH_regfile_3p_15
iarc600/iquarc/iregisters/icoreregs/iregfile_3p_wrap/U_regfile_3p/clk_gate_regfile_mem_31_r_reg     5.8453     0.0     0.0000     5.8453 0.0000 cpu_isle_SNPS_CLOCK_GATE_HIGH_regfile_3p_14
iarc600/iquarc/iregisters/icoreregs/iregfile_3p_wrap/U_regfile_3p/clk_gate_regfile_mem_3_r_reg     5.8453     0.0     0.0000     5.8453 0.0000 cpu_isle_SNPS_CLOCK_GATE_HIGH_regfile_3p_10
iarc600/iquarc/iregisters/icoreregs/isync_regs   709.8242     1.5   419.3376   284.6413 0.0000 cpu_isle_sync_regs_0
iarc600/iquarc/iregisters/icoreregs/isync_regs/clk_gate_i_p5_wbdata_r_reg     5.8453     0.0     0.0000     5.8453 0.0000 cpu_isle_SNPS_CLOCK_GATE_HIGH_sync_regs_0
iarc600/iquarc/iregisters/iif_sys  1423.2064      2.9      0.0000      0.0000  0.0000  cpu_isle_if_sys_0
iarc600/iquarc/iregisters/iif_sys/iiccm_control  1423.2064     2.9   879.0841   526.5864 0.0000 cpu_isle_iccm_control_0
iarc600/iquarc/iregisters/iif_sys/iiccm_control/clk_gate_i_dmp_sex_r_reg     5.8453     0.0     0.0000     5.8453 0.0000 cpu_isle_SNPS_CLOCK_GATE_HIGH_iccm_control_0
iarc600/iquarc/iregisters/iif_sys/iiccm_control/clk_gate_i_iccm_drd_r_reg     5.8453     0.0     0.0000     5.8453 0.0000 cpu_isle_SNPS_CLOCK_GATE_HIGH_iccm_control_2
iarc600/iquarc/iregisters/iif_sys/iiccm_control/clk_gate_i_p1iw_last_r_reg     5.8453     0.0     0.0000     5.8453 0.0000 cpu_isle_SNPS_CLOCK_GATE_HIGH_iccm_control_1
iarc600/iquarc/iregisters/iinst_align   345.6358     0.7   211.7020   128.0886 0.0000  cpu_isle_inst_align_0
iarc600/iquarc/iregisters/iinst_align/clk_gate_i_buffer_r_reg     5.8453     0.0     0.0000     5.8453 0.0000 cpu_isle_SNPS_CLOCK_GATE_HIGH_inst_align_0
iarc600/iquarc/iregisters/ixcoreregs   286.6744     0.6   286.6744     0.0000  0.0000  cpu_isle_xcoreregs_0
iarc600/iquarc/iuserextensions       83.8675      0.2      0.0000      0.0000  0.0000  cpu_isle_userextensions_0
iarc600/iquarc/iuserextensions/ieia_common    83.8675     0.2    49.5581    28.4641 0.0000 cpu_isle_eia_common_0
iarc600/iquarc/iuserextensions/ieia_common/clk_gate_xflags_r_reg     5.8453     0.0     0.0000     5.8453 0.0000 cpu_isle_SNPS_CLOCK_GATE_HIGH_eia_common_0
iarc_ram                             32.5304      0.1      0.0000      0.0000  0.0000  cpu_isle_arc_ram_0
iarc_ram/idccm_ram                   16.2652      0.0     16.2652      0.0000  0.0000  cpu_isle_dccm_ram_0
iarc_ram/iiccm_ram                   16.2652      0.0     16.2652      0.0000  0.0000  cpu_isle_iccm_ram_0
ick_gen                              26.4310      0.1     11.1823     15.2486  0.0000  cpu_isle_ck_gen_0
iibus                              3609.6073      7.5      6.0995      0.0000  0.0000  cpu_isle_ibus_0
iibus/ibus_dcbri_ahb               3317.3417      6.8   1371.8693   1892.8645  0.0000  cpu_isle_ibus_cbri_ahb_C_DATA_WIDTH32_FIFO_DEPTH1_FIFO_PTR_WIDTH1_EXT_A_MSB23_0
iibus/ibus_dcbri_ahb/clk_gate_i_2nd_wr_sz_r_reg     5.8453     0.0     0.0000     5.8453 0.0000 cpu_isle_SNPS_CLOCK_GATE_HIGH_ibus_cbri_ahb_C_DATA_WIDTH32_FIFO_DEPTH1_FIFO_PTR_WIDTH1_EXT_A_MSB23_3
iibus/ibus_dcbri_ahb/clk_gate_i_eop_old_r_reg     5.8453     0.0     0.0000     5.8453 0.0000 cpu_isle_SNPS_CLOCK_GATE_HIGH_ibus_cbri_ahb_C_DATA_WIDTH32_FIFO_DEPTH1_FIFO_PTR_WIDTH1_EXT_A_MSB23_6
iibus/ibus_dcbri_ahb/clk_gate_i_eop_out_r_reg     5.8453     0.0     0.0000     5.8453 0.0000 cpu_isle_SNPS_CLOCK_GATE_HIGH_ibus_cbri_ahb_C_DATA_WIDTH32_FIFO_DEPTH1_FIFO_PTR_WIDTH1_EXT_A_MSB23_7
iibus/ibus_dcbri_ahb/clk_gate_i_eop_top_r_reg     5.8453     0.0     0.0000     5.8453 0.0000 cpu_isle_SNPS_CLOCK_GATE_HIGH_ibus_cbri_ahb_C_DATA_WIDTH32_FIFO_DEPTH1_FIFO_PTR_WIDTH1_EXT_A_MSB23_8
iibus/ibus_dcbri_ahb/clk_gate_i_hsize_r_reg     5.8453     0.0     0.0000     5.8453 0.0000 cpu_isle_SNPS_CLOCK_GATE_HIGH_ibus_cbri_ahb_C_DATA_WIDTH32_FIFO_DEPTH1_FIFO_PTR_WIDTH1_EXT_A_MSB23_4
iibus/ibus_dcbri_ahb/clk_gate_i_hwdata_lagged_r_reg     5.8453     0.0     0.0000     5.8453 0.0000 cpu_isle_SNPS_CLOCK_GATE_HIGH_ibus_cbri_ahb_C_DATA_WIDTH32_FIFO_DEPTH1_FIFO_PTR_WIDTH1_EXT_A_MSB23_2
iibus/ibus_dcbri_ahb/clk_gate_i_state_r_reg     5.8453     0.0     0.0000     5.8453 0.0000 cpu_isle_SNPS_CLOCK_GATE_HIGH_ibus_cbri_ahb_C_DATA_WIDTH32_FIFO_DEPTH1_FIFO_PTR_WIDTH1_EXT_A_MSB23_0
iibus/ibus_dcbri_ahb/clk_gate_i_t_rdata_r_reg     5.8453     0.0     0.0000     5.8453 0.0000 cpu_isle_SNPS_CLOCK_GATE_HIGH_ibus_cbri_ahb_C_DATA_WIDTH32_FIFO_DEPTH1_FIFO_PTR_WIDTH1_EXT_A_MSB23_5
iibus/ibus_dcbri_ahb/clk_gate_i_wrap_r_reg     5.8453     0.0     0.0000     5.8453 0.0000 cpu_isle_SNPS_CLOCK_GATE_HIGH_ibus_cbri_ahb_C_DATA_WIDTH32_FIFO_DEPTH1_FIFO_PTR_WIDTH1_EXT_A_MSB23_1
iibus/iiarb                         286.1662      0.6    251.8567     28.4641  0.0000  cpu_isle_ibus_iarb_ADDR_WIDTH24_DATA_WIDTH32_BE_WIDTH4_FIFO_DEPTH4_0
iibus/iiarb/clk_gate_fifo_ptr_r_reg     5.8453     0.0     0.0000      5.8453  0.0000  cpu_isle_SNPS_CLOCK_GATE_HIGH_ibus_iarb_ADDR_WIDTH24_DATA_WIDTH32_BE_WIDTH4_FIFO_DEPTH4_0
iibus_cksyn                          94.5416      0.2      0.0000      0.0000  0.0000  cpu_isle_ibus_cksyn_0
iibus_cksyn/icksyn_main              86.1548      0.2     17.2818     63.0277  0.0000  cpu_isle_ibus_cksyn_main_0
iibus_cksyn/icksyn_main/clk_gate_sync_mask_r_reg     5.8453     0.0     0.0000     5.8453 0.0000 cpu_isle_SNPS_CLOCK_GATE_HIGH_ibus_cksyn_main_0
iibus_cksyn/icksyn_sys                8.3868      0.0      1.2707      7.1160  0.0000  cpu_isle_ibus_cksyn_sys_0
iio_flops                           169.0058      0.3     10.4199    158.5859  0.0000  cpu_isle_io_flops_0
ijtag_port                         2766.6116      5.7      4.5746      0.0000  0.0000  cpu_isle_jtag_port_0
ijtag_port/u_debug_port             687.9678      1.4    229.7462    428.9951  0.0000  cpu_isle_debug_port_0
ijtag_port/u_debug_port/clk_gate_ir_latch_r_reg     5.8453     0.0     0.0000     5.8453 0.0000 cpu_isle_SNPS_CLOCK_GATE_HIGH_debug_port_1
ijtag_port/u_debug_port/clk_gate_ir_sreg_r_reg     5.8453     0.0     0.0000     5.8453 0.0000 cpu_isle_SNPS_CLOCK_GATE_HIGH_debug_port_2
ijtag_port/u_debug_port/clk_gate_shift_register_r_reg     5.8453     0.0     0.0000     5.8453 0.0000 cpu_isle_SNPS_CLOCK_GATE_HIGH_debug_port_0
ijtag_port/u_debug_port/clk_gate_shift_register_r_reg_0     5.8453     0.0     0.0000     5.8453 0.0000 cpu_isle_SNPS_CLOCK_GATE_HIGH_debug_port_4
ijtag_port/u_debug_port/clk_gate_shift_register_r_reg_1     5.8453     0.0     0.0000     5.8453 0.0000 cpu_isle_SNPS_CLOCK_GATE_HIGH_debug_port_3
ijtag_port/u_hif2bt                1814.3341      3.7    668.6529   1003.3605  0.0000  cpu_isle_hif2bt_0
ijtag_port/u_hif2bt/add_x_1         107.2488      0.2    107.2488      0.0000  0.0000  cpu_isle_hif2bt_DW01_add_J15_0_0
ijtag_port/u_hif2bt/clk_gate_debug_rdata_r_reg     5.8453     0.0     0.0000     5.8453 0.0000 cpu_isle_SNPS_CLOCK_GATE_HIGH_hif2bt_3
ijtag_port/u_hif2bt/clk_gate_i_address_r_reg     5.8453     0.0     0.0000     5.8453 0.0000 cpu_isle_SNPS_CLOCK_GATE_HIGH_hif2bt_0
ijtag_port/u_hif2bt/clk_gate_i_command_r_reg     5.8453     0.0     0.0000     5.8453 0.0000 cpu_isle_SNPS_CLOCK_GATE_HIGH_hif2bt_4
ijtag_port/u_hif2bt/clk_gate_i_data_in_r_reg     5.8453     0.0     0.0000     5.8453 0.0000 cpu_isle_SNPS_CLOCK_GATE_HIGH_hif2bt_1
ijtag_port/u_hif2bt/clk_gate_i_data_out_r_reg     5.8453     0.0     0.0000     5.8453 0.0000 cpu_isle_SNPS_CLOCK_GATE_HIGH_hif2bt_5
ijtag_port/u_hif2bt/clk_gate_tsm_fsm_r_reg     5.8453     0.0     0.0000     5.8453 0.0000 cpu_isle_SNPS_CLOCK_GATE_HIGH_hif2bt_2
ijtag_port/u_sys_clk_sync           125.8013      0.3     11.9448    113.8565  0.0000  cpu_isle_sys_clk_sync_0
ijtag_port/u_tap_controller         133.9339      0.3     98.3537     35.5802  0.0000  cpu_isle_tap_controller_0
--------------------------------  ----------  -------  ----------  ----------  ------  ----------------------------------------------------------------------------------------------------
Total                                                  28039.1995  20409.5426  0.0000

1
